2022-03-12 13:04:26,022 [Worker-0: Loading available Gradle versions] INFO  o.e.b.c.i.u.g.PublishedGradleVersions - Gradle version information cache is up-to-date. Trying to read.
2022-03-12 13:05:05,730 [Worker-2: Import Getting Started Content] INFO  o.e.m.c.i.l.LifecycleMappingFactory - Using org.maven.ide.eclipse.wtp.WarLifecycleMapping lifecycle mapping for MavenProject: com.hello:Hello:0.0.1-SNAPSHOT @ D:\AXSOS-Academy\004 Java\04 SpringBoot\Hello\pom.xml.
2022-03-12 13:05:06,737 [Worker-2: Import Getting Started Content] INFO  o.e.m.j.i.AbstractJavaProjectConfigurator - Adding source folder /Hello/src/main/java
2022-03-12 13:05:06,737 [Worker-2: Import Getting Started Content] INFO  o.e.m.j.i.AbstractJavaProjectConfigurator - Adding resource folder /Hello/src/main/resources
2022-03-12 13:05:06,740 [Worker-2: Import Getting Started Content] INFO  o.e.m.j.i.AbstractJavaProjectConfigurator - Adding resource folder /Hello/src/main/resources
2022-03-12 13:05:06,743 [Worker-2: Import Getting Started Content] INFO  o.e.m.j.i.AbstractJavaProjectConfigurator - Adding source folder /Hello/src/test/java
2022-03-12 13:05:09,021 [Worker-2: Import Getting Started Content] INFO  o.e.m.c.i.p.ProjectConfigurationManager - Imported and configured 1 project(s) in 5 sec
2022-03-12 13:05:09,026 [Worker-2: Import Getting Started Content] INFO  o.e.m.c.i.p.ProjectConfigurationManager - Update started
2022-03-12 13:05:09,438 [Worker-2: Import Getting Started Content] INFO  o.e.m.c.i.l.LifecycleMappingFactory - Using org.maven.ide.eclipse.wtp.WarLifecycleMapping lifecycle mapping for MavenProject: com.hello:Hello:0.0.1-SNAPSHOT @ D:\AXSOS-Academy\004 Java\04 SpringBoot\Hello\pom.xml.
2022-03-12 13:05:10,049 [Worker-2: Import Getting Started Content] INFO  o.e.m.j.i.AbstractJavaProjectConfigurator - Adding source folder /Hello/src/main/java
2022-03-12 13:05:10,049 [Worker-2: Import Getting Started Content] INFO  o.e.m.j.i.AbstractJavaProjectConfigurator - Adding resource folder /Hello/src/main/resources
2022-03-12 13:05:10,050 [Worker-2: Import Getting Started Content] INFO  o.e.m.j.i.AbstractJavaProjectConfigurator - Adding resource folder /Hello/src/main/resources
2022-03-12 13:05:10,050 [Worker-2: Import Getting Started Content] INFO  o.e.m.j.i.AbstractJavaProjectConfigurator - Adding source folder /Hello/src/test/java
2022-03-12 13:05:10,464 [Worker-2: Import Getting Started Content] INFO  o.e.m.w.i.f.ResourceFilteringBuildParticipant - Cleaning filtered folder for Hello
2022-03-12 13:05:10,467 [Worker-2: Import Getting Started Content] INFO  o.e.m.c.i.p.ProjectConfigurationManager - Update completed: 1 sec
2022-03-12 13:05:11,349 [Worker-8: Building] INFO  o.e.m.c.i.embedder.EclipseLogger - Using 'UTF-8' encoding to copy filtered resources.
2022-03-12 13:05:11,349 [Worker-8: Building] INFO  o.e.m.c.i.embedder.EclipseLogger - Using 'UTF-8' encoding to copy filtered properties files.
2022-03-12 13:05:11,359 [Worker-8: Building] INFO  o.e.m.c.i.embedder.EclipseLogger - Copying 1 resource
2022-03-12 13:05:11,372 [Worker-8: Building] INFO  o.e.m.c.i.embedder.EclipseLogger - Copying 0 resource
2022-03-12 13:05:11,374 [Worker-8: Building] INFO  o.e.m.c.i.embedder.EclipseLogger - Using 'UTF-8' encoding to copy filtered resources.
2022-03-12 13:05:11,374 [Worker-8: Building] INFO  o.e.m.c.i.embedder.EclipseLogger - Using 'UTF-8' encoding to copy filtered properties files.
2022-03-12 13:05:11,374 [Worker-8: Building] INFO  o.e.m.c.i.embedder.EclipseLogger - skip non existing resourceDirectory D:\AXSOS-Academy\004 Java\04 SpringBoot\Hello\src\test\resources
2022-03-12 13:05:11,375 [Worker-8: Building] INFO  o.e.m.w.i.f.ResourceFilteringBuildParticipant - Changed resources require a complete clean of filtered resources of Hello
2022-03-12 13:05:11,375 [Worker-8: Building] INFO  o.e.m.w.i.f.ResourceFilteringBuildParticipant - Executing resource filtering for Hello
2022-03-12 13:05:11,379 [Worker-8: Building] INFO  o.e.m.c.i.embedder.EclipseLogger - Using 'UTF-8' encoding to copy filtered resources.
2022-03-12 13:05:11,379 [Worker-8: Building] INFO  o.e.m.c.i.embedder.EclipseLogger - Using 'UTF-8' encoding to copy filtered properties files.
2022-03-12 13:05:26,304 [Worker-5: Building] INFO  o.e.m.c.i.embedder.EclipseLogger - Using 'UTF-8' encoding to copy filtered resources.
2022-03-12 13:05:26,304 [Worker-5: Building] INFO  o.e.m.c.i.embedder.EclipseLogger - Using 'UTF-8' encoding to copy filtered properties files.
2022-03-12 13:05:26,305 [Worker-5: Building] INFO  o.e.m.c.i.embedder.EclipseLogger - Copying 0 resource
2022-03-12 13:05:26,305 [Worker-5: Building] INFO  o.e.m.c.i.embedder.EclipseLogger - Copying 0 resource
2022-03-12 13:05:26,307 [Worker-5: Building] INFO  o.e.m.c.i.embedder.EclipseLogger - Using 'UTF-8' encoding to copy filtered resources.
2022-03-12 13:05:26,307 [Worker-5: Building] INFO  o.e.m.c.i.embedder.EclipseLogger - Using 'UTF-8' encoding to copy filtered properties files.
2022-03-12 13:05:26,307 [Worker-5: Building] INFO  o.e.m.c.i.embedder.EclipseLogger - skip non existing resourceDirectory D:\AXSOS-Academy\004 Java\04 SpringBoot\Hello\src\test\resources
2022-03-12 13:05:39,211 [Worker-1: Building] INFO  o.e.m.c.i.embedder.EclipseLogger - Using 'UTF-8' encoding to copy filtered resources.
2022-03-12 13:05:39,211 [Worker-1: Building] INFO  o.e.m.c.i.embedder.EclipseLogger - Using 'UTF-8' encoding to copy filtered properties files.
2022-03-12 13:05:39,212 [Worker-1: Building] INFO  o.e.m.c.i.embedder.EclipseLogger - Copying 1 resource
2022-03-12 13:05:39,227 [Worker-1: Building] INFO  o.e.m.c.i.embedder.EclipseLogger - Copying 0 resource
2022-03-12 13:05:39,230 [Worker-1: Building] INFO  o.e.m.c.i.embedder.EclipseLogger - Using 'UTF-8' encoding to copy filtered resources.
2022-03-12 13:05:39,230 [Worker-1: Building] INFO  o.e.m.c.i.embedder.EclipseLogger - Using 'UTF-8' encoding to copy filtered properties files.
2022-03-12 13:05:39,230 [Worker-1: Building] INFO  o.e.m.c.i.embedder.EclipseLogger - skip non existing resourceDirectory D:\AXSOS-Academy\004 Java\04 SpringBoot\Hello\src\test\resources
2022-03-12 13:05:40,254 [Worker-3: Building] INFO  o.e.m.c.i.embedder.EclipseLogger - Using 'UTF-8' encoding to copy filtered resources.
2022-03-12 13:05:40,255 [Worker-3: Building] INFO  o.e.m.c.i.embedder.EclipseLogger - Using 'UTF-8' encoding to copy filtered properties files.
2022-03-12 13:05:40,255 [Worker-3: Building] INFO  o.e.m.c.i.embedder.EclipseLogger - Copying 0 resource
2022-03-12 13:05:40,255 [Worker-3: Building] INFO  o.e.m.c.i.embedder.EclipseLogger - Copying 0 resource
2022-03-12 13:05:40,256 [Worker-3: Building] INFO  o.e.m.c.i.embedder.EclipseLogger - Using 'UTF-8' encoding to copy filtered resources.
2022-03-12 13:05:40,256 [Worker-3: Building] INFO  o.e.m.c.i.embedder.EclipseLogger - Using 'UTF-8' encoding to copy filtered properties files.
2022-03-12 13:05:40,256 [Worker-3: Building] INFO  o.e.m.c.i.embedder.EclipseLogger - skip non existing resourceDirectory D:\AXSOS-Academy\004 Java\04 SpringBoot\Hello\src\test\resources
2022-03-12 13:09:36,749 [Worker-9: Building] INFO  o.e.m.c.i.embedder.EclipseLogger - Using 'UTF-8' encoding to copy filtered resources.
2022-03-12 13:09:36,749 [Worker-9: Building] INFO  o.e.m.c.i.embedder.EclipseLogger - Using 'UTF-8' encoding to copy filtered properties files.
2022-03-12 13:09:36,749 [Worker-9: Building] INFO  o.e.m.c.i.embedder.EclipseLogger - Copying 1 resource
2022-03-12 13:09:36,753 [Worker-9: Building] INFO  o.e.m.c.i.embedder.EclipseLogger - Copying 0 resource
2022-03-12 13:09:36,754 [Worker-9: Building] INFO  o.e.m.c.i.embedder.EclipseLogger - Using 'UTF-8' encoding to copy filtered resources.
2022-03-12 13:09:36,754 [Worker-9: Building] INFO  o.e.m.c.i.embedder.EclipseLogger - Using 'UTF-8' encoding to copy filtered properties files.
2022-03-12 13:09:36,754 [Worker-9: Building] INFO  o.e.m.c.i.embedder.EclipseLogger - skip non existing resourceDirectory D:\AXSOS-Academy\004 Java\04 SpringBoot\Hello\src\test\resources
2022-03-12 13:10:29,895 [Worker-1: Building] INFO  o.e.m.c.i.embedder.EclipseLogger - Using 'UTF-8' encoding to copy filtered resources.
2022-03-12 13:10:29,895 [Worker-1: Building] INFO  o.e.m.c.i.embedder.EclipseLogger - Using 'UTF-8' encoding to copy filtered properties files.
2022-03-12 13:10:29,895 [Worker-1: Building] INFO  o.e.m.c.i.embedder.EclipseLogger - Copying 1 resource
2022-03-12 13:10:29,903 [Worker-1: Building] INFO  o.e.m.c.i.embedder.EclipseLogger - Copying 0 resource
2022-03-12 13:10:29,906 [Worker-1: Building] INFO  o.e.m.c.i.embedder.EclipseLogger - Using 'UTF-8' encoding to copy filtered resources.
2022-03-12 13:10:29,906 [Worker-1: Building] INFO  o.e.m.c.i.embedder.EclipseLogger - Using 'UTF-8' encoding to copy filtered properties files.
2022-03-12 13:10:29,906 [Worker-1: Building] INFO  o.e.m.c.i.embedder.EclipseLogger - skip non existing resourceDirectory D:\AXSOS-Academy\004 Java\04 SpringBoot\Hello\src\test\resources
2022-03-12 13:14:11,629 [Worker-8: Launching Hello - helloHuman] INFO  o.e.m.c.i.embedder.EclipseLogger - Using 'UTF-8' encoding to copy filtered resources.
2022-03-12 13:14:11,629 [Worker-8: Launching Hello - helloHuman] INFO  o.e.m.c.i.embedder.EclipseLogger - Using 'UTF-8' encoding to copy filtered properties files.
2022-03-12 13:14:11,630 [Worker-8: Launching Hello - helloHuman] INFO  o.e.m.c.i.embedder.EclipseLogger - Copying 1 resource
2022-03-12 13:14:11,643 [Worker-8: Launching Hello - helloHuman] INFO  o.e.m.c.i.embedder.EclipseLogger - Copying 0 resource
2022-03-12 13:14:11,645 [Worker-8: Launching Hello - helloHuman] INFO  o.e.m.c.i.embedder.EclipseLogger - Using 'UTF-8' encoding to copy filtered resources.
2022-03-12 13:14:11,645 [Worker-8: Launching Hello - helloHuman] INFO  o.e.m.c.i.embedder.EclipseLogger - Using 'UTF-8' encoding to copy filtered properties files.
2022-03-12 13:14:11,645 [Worker-8: Launching Hello - helloHuman] INFO  o.e.m.c.i.embedder.EclipseLogger - skip non existing resourceDirectory D:\AXSOS-Academy\004 Java\04 SpringBoot\Hello\src\test\resources
2022-03-12 13:15:05,807 [Worker-8: Launching Hello - helloHuman] INFO  o.e.m.c.i.embedder.EclipseLogger - Using 'UTF-8' encoding to copy filtered resources.
2022-03-12 13:15:05,808 [Worker-8: Launching Hello - helloHuman] INFO  o.e.m.c.i.embedder.EclipseLogger - Using 'UTF-8' encoding to copy filtered properties files.
2022-03-12 13:15:05,808 [Worker-8: Launching Hello - helloHuman] INFO  o.e.m.c.i.embedder.EclipseLogger - Copying 1 resource
2022-03-12 13:15:05,812 [Worker-8: Launching Hello - helloHuman] INFO  o.e.m.c.i.embedder.EclipseLogger - Copying 0 resource
2022-03-12 13:15:05,814 [Worker-8: Launching Hello - helloHuman] INFO  o.e.m.c.i.embedder.EclipseLogger - Using 'UTF-8' encoding to copy filtered resources.
2022-03-12 13:15:05,814 [Worker-8: Launching Hello - helloHuman] INFO  o.e.m.c.i.embedder.EclipseLogger - Using 'UTF-8' encoding to copy filtered properties files.
2022-03-12 13:15:05,814 [Worker-8: Launching Hello - helloHuman] INFO  o.e.m.c.i.embedder.EclipseLogger - skip non existing resourceDirectory D:\AXSOS-Academy\004 Java\04 SpringBoot\Hello\src\test\resources
2022-03-12 13:16:35,949 [Worker-5: Launching Hello - helloHuman] INFO  o.e.m.c.i.embedder.EclipseLogger - Using 'UTF-8' encoding to copy filtered resources.
2022-03-12 13:16:35,949 [Worker-5: Launching Hello - helloHuman] INFO  o.e.m.c.i.embedder.EclipseLogger - Using 'UTF-8' encoding to copy filtered properties files.
2022-03-12 13:16:35,949 [Worker-5: Launching Hello - helloHuman] INFO  o.e.m.c.i.embedder.EclipseLogger - Copying 1 resource
2022-03-12 13:16:35,955 [Worker-5: Launching Hello - helloHuman] INFO  o.e.m.c.i.embedder.EclipseLogger - Copying 0 resource
2022-03-12 13:16:35,956 [Worker-5: Launching Hello - helloHuman] INFO  o.e.m.c.i.embedder.EclipseLogger - Using 'UTF-8' encoding to copy filtered resources.
2022-03-12 13:16:35,957 [Worker-5: Launching Hello - helloHuman] INFO  o.e.m.c.i.embedder.EclipseLogger - Using 'UTF-8' encoding to copy filtered properties files.
2022-03-12 13:16:35,957 [Worker-5: Launching Hello - helloHuman] INFO  o.e.m.c.i.embedder.EclipseLogger - skip non existing resourceDirectory D:\AXSOS-Academy\004 Java\04 SpringBoot\Hello\src\test\resources
2022-03-12 13:17:03,264 [Worker-8: Launching Hello - helloHuman] INFO  o.e.m.c.i.embedder.EclipseLogger - Using 'UTF-8' encoding to copy filtered resources.
2022-03-12 13:17:03,264 [Worker-8: Launching Hello - helloHuman] INFO  o.e.m.c.i.embedder.EclipseLogger - Using 'UTF-8' encoding to copy filtered properties files.
2022-03-12 13:17:03,265 [Worker-8: Launching Hello - helloHuman] INFO  o.e.m.c.i.embedder.EclipseLogger - Copying 1 resource
2022-03-12 13:17:03,270 [Worker-8: Launching Hello - helloHuman] INFO  o.e.m.c.i.embedder.EclipseLogger - Copying 0 resource
2022-03-12 13:17:03,271 [Worker-8: Launching Hello - helloHuman] INFO  o.e.m.c.i.embedder.EclipseLogger - Using 'UTF-8' encoding to copy filtered resources.
2022-03-12 13:17:03,271 [Worker-8: Launching Hello - helloHuman] INFO  o.e.m.c.i.embedder.EclipseLogger - Using 'UTF-8' encoding to copy filtered properties files.
2022-03-12 13:17:03,271 [Worker-8: Launching Hello - helloHuman] INFO  o.e.m.c.i.embedder.EclipseLogger - skip non existing resourceDirectory D:\AXSOS-Academy\004 Java\04 SpringBoot\Hello\src\test\resources
2022-03-12 13:20:32,595 [Worker-18: Launching Hello - helloHuman] INFO  o.e.m.c.i.embedder.EclipseLogger - Using 'UTF-8' encoding to copy filtered resources.
2022-03-12 13:20:32,595 [Worker-18: Launching Hello - helloHuman] INFO  o.e.m.c.i.embedder.EclipseLogger - Using 'UTF-8' encoding to copy filtered properties files.
2022-03-12 13:20:32,596 [Worker-18: Launching Hello - helloHuman] INFO  o.e.m.c.i.embedder.EclipseLogger - Copying 1 resource
2022-03-12 13:20:32,601 [Worker-18: Launching Hello - helloHuman] INFO  o.e.m.c.i.embedder.EclipseLogger - Copying 0 resource
2022-03-12 13:20:32,602 [Worker-18: Launching Hello - helloHuman] INFO  o.e.m.c.i.embedder.EclipseLogger - Using 'UTF-8' encoding to copy filtered resources.
2022-03-12 13:20:32,602 [Worker-18: Launching Hello - helloHuman] INFO  o.e.m.c.i.embedder.EclipseLogger - Using 'UTF-8' encoding to copy filtered properties files.
2022-03-12 13:20:32,602 [Worker-18: Launching Hello - helloHuman] INFO  o.e.m.c.i.embedder.EclipseLogger - skip non existing resourceDirectory D:\AXSOS-Academy\004 Java\04 SpringBoot\Hello\src\test\resources
2022-03-12 13:22:22,097 [Worker-18: Launching Hello - helloHuman] INFO  o.e.m.c.i.embedder.EclipseLogger - Using 'UTF-8' encoding to copy filtered resources.
2022-03-12 13:22:22,097 [Worker-18: Launching Hello - helloHuman] INFO  o.e.m.c.i.embedder.EclipseLogger - Using 'UTF-8' encoding to copy filtered properties files.
2022-03-12 13:22:22,097 [Worker-18: Launching Hello - helloHuman] INFO  o.e.m.c.i.embedder.EclipseLogger - Copying 1 resource
2022-03-12 13:22:22,103 [Worker-18: Launching Hello - helloHuman] INFO  o.e.m.c.i.embedder.EclipseLogger - Copying 0 resource
2022-03-12 13:22:22,105 [Worker-18: Launching Hello - helloHuman] INFO  o.e.m.c.i.embedder.EclipseLogger - Using 'UTF-8' encoding to copy filtered resources.
2022-03-12 13:22:22,105 [Worker-18: Launching Hello - helloHuman] INFO  o.e.m.c.i.embedder.EclipseLogger - Using 'UTF-8' encoding to copy filtered properties files.
2022-03-12 13:22:22,105 [Worker-18: Launching Hello - helloHuman] INFO  o.e.m.c.i.embedder.EclipseLogger - skip non existing resourceDirectory D:\AXSOS-Academy\004 Java\04 SpringBoot\Hello\src\test\resources
2022-03-12 13:27:38,944 [Worker-26: Launching Hello - helloHuman] INFO  o.e.m.c.i.embedder.EclipseLogger - Using 'UTF-8' encoding to copy filtered resources.
2022-03-12 13:27:38,944 [Worker-26: Launching Hello - helloHuman] INFO  o.e.m.c.i.embedder.EclipseLogger - Using 'UTF-8' encoding to copy filtered properties files.
2022-03-12 13:27:38,944 [Worker-26: Launching Hello - helloHuman] INFO  o.e.m.c.i.embedder.EclipseLogger - Copying 1 resource
2022-03-12 13:27:38,952 [Worker-26: Launching Hello - helloHuman] INFO  o.e.m.c.i.embedder.EclipseLogger - Copying 0 resource
2022-03-12 13:27:38,953 [Worker-26: Launching Hello - helloHuman] INFO  o.e.m.c.i.embedder.EclipseLogger - Using 'UTF-8' encoding to copy filtered resources.
2022-03-12 13:27:38,953 [Worker-26: Launching Hello - helloHuman] INFO  o.e.m.c.i.embedder.EclipseLogger - Using 'UTF-8' encoding to copy filtered properties files.
2022-03-12 13:27:38,953 [Worker-26: Launching Hello - helloHuman] INFO  o.e.m.c.i.embedder.EclipseLogger - skip non existing resourceDirectory D:\AXSOS-Academy\004 Java\04 SpringBoot\Hello\src\test\resources
2022-03-12 13:31:10,781 [Worker-26: Building] INFO  o.e.m.c.i.embedder.EclipseLogger - Using 'UTF-8' encoding to copy filtered resources.
2022-03-12 13:31:10,781 [Worker-26: Building] INFO  o.e.m.c.i.embedder.EclipseLogger - Using 'UTF-8' encoding to copy filtered properties files.
2022-03-12 13:31:10,781 [Worker-26: Building] INFO  o.e.m.c.i.embedder.EclipseLogger - Copying 1 resource
2022-03-12 13:31:10,785 [Worker-26: Building] INFO  o.e.m.c.i.embedder.EclipseLogger - Copying 0 resource
2022-03-12 13:31:10,786 [Worker-26: Building] INFO  o.e.m.c.i.embedder.EclipseLogger - Using 'UTF-8' encoding to copy filtered resources.
2022-03-12 13:31:10,787 [Worker-26: Building] INFO  o.e.m.c.i.embedder.EclipseLogger - Using 'UTF-8' encoding to copy filtered properties files.
2022-03-12 13:31:10,787 [Worker-26: Building] INFO  o.e.m.c.i.embedder.EclipseLogger - skip non existing resourceDirectory D:\AXSOS-Academy\004 Java\04 SpringBoot\Hello\src\test\resources
2022-03-12 13:32:02,419 [Worker-28: Launching Hello - helloHuman] INFO  o.e.m.c.i.embedder.EclipseLogger - Using 'UTF-8' encoding to copy filtered resources.
2022-03-12 13:32:02,419 [Worker-28: Launching Hello - helloHuman] INFO  o.e.m.c.i.embedder.EclipseLogger - Using 'UTF-8' encoding to copy filtered properties files.
2022-03-12 13:32:02,419 [Worker-28: Launching Hello - helloHuman] INFO  o.e.m.c.i.embedder.EclipseLogger - Copying 1 resource
2022-03-12 13:32:02,427 [Worker-28: Launching Hello - helloHuman] INFO  o.e.m.c.i.embedder.EclipseLogger - Copying 0 resource
2022-03-12 13:32:02,430 [Worker-28: Launching Hello - helloHuman] INFO  o.e.m.c.i.embedder.EclipseLogger - Using 'UTF-8' encoding to copy filtered resources.
2022-03-12 13:32:02,430 [Worker-28: Launching Hello - helloHuman] INFO  o.e.m.c.i.embedder.EclipseLogger - Using 'UTF-8' encoding to copy filtered properties files.
2022-03-12 13:32:02,430 [Worker-28: Launching Hello - helloHuman] INFO  o.e.m.c.i.embedder.EclipseLogger - skip non existing resourceDirectory D:\AXSOS-Academy\004 Java\04 SpringBoot\Hello\src\test\resources
2022-03-12 13:33:42,088 [Worker-28: Launching Hello - helloHuman] INFO  o.e.m.c.i.embedder.EclipseLogger - Using 'UTF-8' encoding to copy filtered resources.
2022-03-12 13:33:42,089 [Worker-28: Launching Hello - helloHuman] INFO  o.e.m.c.i.embedder.EclipseLogger - Using 'UTF-8' encoding to copy filtered properties files.
2022-03-12 13:33:42,089 [Worker-28: Launching Hello - helloHuman] INFO  o.e.m.c.i.embedder.EclipseLogger - Copying 1 resource
2022-03-12 13:33:42,094 [Worker-28: Launching Hello - helloHuman] INFO  o.e.m.c.i.embedder.EclipseLogger - Copying 0 resource
2022-03-12 13:33:42,096 [Worker-28: Launching Hello - helloHuman] INFO  o.e.m.c.i.embedder.EclipseLogger - Using 'UTF-8' encoding to copy filtered resources.
2022-03-12 13:33:42,096 [Worker-28: Launching Hello - helloHuman] INFO  o.e.m.c.i.embedder.EclipseLogger - Using 'UTF-8' encoding to copy filtered properties files.
2022-03-12 13:33:42,096 [Worker-28: Launching Hello - helloHuman] INFO  o.e.m.c.i.embedder.EclipseLogger - skip non existing resourceDirectory D:\AXSOS-Academy\004 Java\04 SpringBoot\Hello\src\test\resources
2022-03-12 13:48:02,418 [Worker-21: Import Getting Started Content] INFO  o.e.m.c.i.l.LifecycleMappingFactory - Using org.maven.ide.eclipse.wtp.WarLifecycleMapping lifecycle mapping for MavenProject: com.daikichi:Daikichi_Path_Variables:0.0.1-SNAPSHOT @ D:\AXSOS-Academy\004 Java\04 SpringBoot\Daikichi_Path_Variables\pom.xml.
2022-03-12 13:48:02,571 [Worker-21: Import Getting Started Content] INFO  o.e.m.j.i.AbstractJavaProjectConfigurator - Adding source folder /Daikichi_Path_Variables/src/main/java
2022-03-12 13:48:02,571 [Worker-21: Import Getting Started Content] INFO  o.e.m.j.i.AbstractJavaProjectConfigurator - Adding resource folder /Daikichi_Path_Variables/src/main/resources
2022-03-12 13:48:02,572 [Worker-21: Import Getting Started Content] INFO  o.e.m.j.i.AbstractJavaProjectConfigurator - Adding resource folder /Daikichi_Path_Variables/src/main/resources
2022-03-12 13:48:02,574 [Worker-21: Import Getting Started Content] INFO  o.e.m.j.i.AbstractJavaProjectConfigurator - Adding source folder /Daikichi_Path_Variables/src/test/java
2022-03-12 13:48:02,868 [Worker-21: Import Getting Started Content] INFO  o.e.m.c.i.p.ProjectConfigurationManager - Imported and configured 1 project(s) in 0 sec
2022-03-12 13:48:02,869 [Worker-21: Import Getting Started Content] INFO  o.e.m.c.i.p.ProjectConfigurationManager - Update started
2022-03-12 13:48:03,009 [Worker-21: Import Getting Started Content] INFO  o.e.m.c.i.l.LifecycleMappingFactory - Using org.maven.ide.eclipse.wtp.WarLifecycleMapping lifecycle mapping for MavenProject: com.daikichi:Daikichi_Path_Variables:0.0.1-SNAPSHOT @ D:\AXSOS-Academy\004 Java\04 SpringBoot\Daikichi_Path_Variables\pom.xml.
2022-03-12 13:48:03,132 [Worker-21: Import Getting Started Content] INFO  o.e.m.j.i.AbstractJavaProjectConfigurator - Adding source folder /Daikichi_Path_Variables/src/main/java
2022-03-12 13:48:03,133 [Worker-21: Import Getting Started Content] INFO  o.e.m.j.i.AbstractJavaProjectConfigurator - Adding resource folder /Daikichi_Path_Variables/src/main/resources
2022-03-12 13:48:03,133 [Worker-21: Import Getting Started Content] INFO  o.e.m.j.i.AbstractJavaProjectConfigurator - Adding resource folder /Daikichi_Path_Variables/src/main/resources
2022-03-12 13:48:03,133 [Worker-21: Import Getting Started Content] INFO  o.e.m.j.i.AbstractJavaProjectConfigurator - Adding source folder /Daikichi_Path_Variables/src/test/java
2022-03-12 13:48:03,357 [Worker-21: Import Getting Started Content] INFO  o.e.m.w.i.f.ResourceFilteringBuildParticipant - Cleaning filtered folder for Daikichi_Path_Variables
2022-03-12 13:48:03,359 [Worker-21: Import Getting Started Content] INFO  o.e.m.c.i.p.ProjectConfigurationManager - Update completed: 0 sec
2022-03-12 13:48:03,688 [Worker-34: Building] INFO  o.e.m.c.i.embedder.EclipseLogger - Using 'UTF-8' encoding to copy filtered resources.
2022-03-12 13:48:03,688 [Worker-34: Building] INFO  o.e.m.c.i.embedder.EclipseLogger - Using 'UTF-8' encoding to copy filtered properties files.
2022-03-12 13:48:03,688 [Worker-34: Building] INFO  o.e.m.c.i.embedder.EclipseLogger - Copying 1 resource
2022-03-12 13:48:03,689 [Worker-34: Building] INFO  o.e.m.c.i.embedder.EclipseLogger - Copying 0 resource
2022-03-12 13:48:03,690 [Worker-34: Building] INFO  o.e.m.c.i.embedder.EclipseLogger - Using 'UTF-8' encoding to copy filtered resources.
2022-03-12 13:48:03,690 [Worker-34: Building] INFO  o.e.m.c.i.embedder.EclipseLogger - Using 'UTF-8' encoding to copy filtered properties files.
2022-03-12 13:48:03,690 [Worker-34: Building] INFO  o.e.m.c.i.embedder.EclipseLogger - skip non existing resourceDirectory D:\AXSOS-Academy\004 Java\04 SpringBoot\Daikichi_Path_Variables\src\test\resources
2022-03-12 13:48:03,690 [Worker-34: Building] INFO  o.e.m.w.i.f.ResourceFilteringBuildParticipant - Changed resources require a complete clean of filtered resources of Daikichi_Path_Variables
2022-03-12 13:48:03,690 [Worker-34: Building] INFO  o.e.m.w.i.f.ResourceFilteringBuildParticipant - Executing resource filtering for Daikichi_Path_Variables
2022-03-12 13:48:03,692 [Worker-34: Building] INFO  o.e.m.c.i.embedder.EclipseLogger - Using 'UTF-8' encoding to copy filtered resources.
2022-03-12 13:48:03,692 [Worker-34: Building] INFO  o.e.m.c.i.embedder.EclipseLogger - Using 'UTF-8' encoding to copy filtered properties files.
2022-03-12 13:58:04,141 [Worker-38: Launching Daikichi_Path_Variables - DaikichiPathVariablesApplication] INFO  o.e.m.c.i.embedder.EclipseLogger - Using 'UTF-8' encoding to copy filtered resources.
2022-03-12 13:58:04,141 [Worker-38: Launching Daikichi_Path_Variables - DaikichiPathVariablesApplication] INFO  o.e.m.c.i.embedder.EclipseLogger - Using 'UTF-8' encoding to copy filtered properties files.
2022-03-12 13:58:04,142 [Worker-38: Launching Daikichi_Path_Variables - DaikichiPathVariablesApplication] INFO  o.e.m.c.i.embedder.EclipseLogger - Copying 1 resource
2022-03-12 13:58:04,152 [Worker-38: Launching Daikichi_Path_Variables - DaikichiPathVariablesApplication] INFO  o.e.m.c.i.embedder.EclipseLogger - Copying 0 resource
2022-03-12 13:58:04,153 [Worker-38: Launching Daikichi_Path_Variables - DaikichiPathVariablesApplication] INFO  o.e.m.c.i.embedder.EclipseLogger - Using 'UTF-8' encoding to copy filtered resources.
2022-03-12 13:58:04,153 [Worker-38: Launching Daikichi_Path_Variables - DaikichiPathVariablesApplication] INFO  o.e.m.c.i.embedder.EclipseLogger - Using 'UTF-8' encoding to copy filtered properties files.
2022-03-12 13:58:04,153 [Worker-38: Launching Daikichi_Path_Variables - DaikichiPathVariablesApplication] INFO  o.e.m.c.i.embedder.EclipseLogger - skip non existing resourceDirectory D:\AXSOS-Academy\004 Java\04 SpringBoot\Daikichi_Path_Variables\src\test\resources
2022-03-12 13:58:48,505 [Worker-38: Launching Daikichi_Path_Variables - DaikichiPathVariablesApplication] INFO  o.e.m.c.i.embedder.EclipseLogger - Using 'UTF-8' encoding to copy filtered resources.
2022-03-12 13:58:48,505 [Worker-38: Launching Daikichi_Path_Variables - DaikichiPathVariablesApplication] INFO  o.e.m.c.i.embedder.EclipseLogger - Using 'UTF-8' encoding to copy filtered properties files.
2022-03-12 13:58:48,506 [Worker-38: Launching Daikichi_Path_Variables - DaikichiPathVariablesApplication] INFO  o.e.m.c.i.embedder.EclipseLogger - Copying 1 resource
2022-03-12 13:58:48,517 [Worker-38: Launching Daikichi_Path_Variables - DaikichiPathVariablesApplication] INFO  o.e.m.c.i.embedder.EclipseLogger - Copying 0 resource
2022-03-12 13:58:48,518 [Worker-38: Launching Daikichi_Path_Variables - DaikichiPathVariablesApplication] INFO  o.e.m.c.i.embedder.EclipseLogger - Using 'UTF-8' encoding to copy filtered resources.
2022-03-12 13:58:48,518 [Worker-38: Launching Daikichi_Path_Variables - DaikichiPathVariablesApplication] INFO  o.e.m.c.i.embedder.EclipseLogger - Using 'UTF-8' encoding to copy filtered properties files.
2022-03-12 13:58:48,518 [Worker-38: Launching Daikichi_Path_Variables - DaikichiPathVariablesApplication] INFO  o.e.m.c.i.embedder.EclipseLogger - skip non existing resourceDirectory D:\AXSOS-Academy\004 Java\04 SpringBoot\Daikichi_Path_Variables\src\test\resources
2022-03-12 14:10:03,591 [Worker-46: Launching Daikichi_Path_Variables - DaikichiPathVariablesApplication] INFO  o.e.m.c.i.embedder.EclipseLogger - Using 'UTF-8' encoding to copy filtered resources.
2022-03-12 14:10:03,592 [Worker-46: Launching Daikichi_Path_Variables - DaikichiPathVariablesApplication] INFO  o.e.m.c.i.embedder.EclipseLogger - Using 'UTF-8' encoding to copy filtered properties files.
2022-03-12 14:10:03,592 [Worker-46: Launching Daikichi_Path_Variables - DaikichiPathVariablesApplication] INFO  o.e.m.c.i.embedder.EclipseLogger - Copying 1 resource
2022-03-12 14:10:03,600 [Worker-46: Launching Daikichi_Path_Variables - DaikichiPathVariablesApplication] INFO  o.e.m.c.i.embedder.EclipseLogger - Copying 0 resource
2022-03-12 14:10:03,601 [Worker-46: Launching Daikichi_Path_Variables - DaikichiPathVariablesApplication] INFO  o.e.m.c.i.embedder.EclipseLogger - Using 'UTF-8' encoding to copy filtered resources.
2022-03-12 14:10:03,601 [Worker-46: Launching Daikichi_Path_Variables - DaikichiPathVariablesApplication] INFO  o.e.m.c.i.embedder.EclipseLogger - Using 'UTF-8' encoding to copy filtered properties files.
2022-03-12 14:10:03,601 [Worker-46: Launching Daikichi_Path_Variables - DaikichiPathVariablesApplication] INFO  o.e.m.c.i.embedder.EclipseLogger - skip non existing resourceDirectory D:\AXSOS-Academy\004 Java\04 SpringBoot\Daikichi_Path_Variables\src\test\resources
2022-03-12 14:10:45,113 [Worker-46: Launching Daikichi_Path_Variables - DaikichiPathVariablesApplication] INFO  o.e.m.c.i.embedder.EclipseLogger - Using 'UTF-8' encoding to copy filtered resources.
2022-03-12 14:10:45,113 [Worker-46: Launching Daikichi_Path_Variables - DaikichiPathVariablesApplication] INFO  o.e.m.c.i.embedder.EclipseLogger - Using 'UTF-8' encoding to copy filtered properties files.
2022-03-12 14:10:45,113 [Worker-46: Launching Daikichi_Path_Variables - DaikichiPathVariablesApplication] INFO  o.e.m.c.i.embedder.EclipseLogger - Copying 1 resource
2022-03-12 14:10:45,123 [Worker-46: Launching Daikichi_Path_Variables - DaikichiPathVariablesApplication] INFO  o.e.m.c.i.embedder.EclipseLogger - Copying 0 resource
2022-03-12 14:10:45,124 [Worker-46: Launching Daikichi_Path_Variables - DaikichiPathVariablesApplication] INFO  o.e.m.c.i.embedder.EclipseLogger - Using 'UTF-8' encoding to copy filtered resources.
2022-03-12 14:10:45,124 [Worker-46: Launching Daikichi_Path_Variables - DaikichiPathVariablesApplication] INFO  o.e.m.c.i.embedder.EclipseLogger - Using 'UTF-8' encoding to copy filtered properties files.
2022-03-12 14:10:45,124 [Worker-46: Launching Daikichi_Path_Variables - DaikichiPathVariablesApplication] INFO  o.e.m.c.i.embedder.EclipseLogger - skip non existing resourceDirectory D:\AXSOS-Academy\004 Java\04 SpringBoot\Daikichi_Path_Variables\src\test\resources
2022-03-12 14:12:01,935 [Worker-45: Launching Daikichi_Path_Variables - DaikichiPathVariablesApplication] INFO  o.e.m.c.i.embedder.EclipseLogger - Using 'UTF-8' encoding to copy filtered resources.
2022-03-12 14:12:01,935 [Worker-45: Launching Daikichi_Path_Variables - DaikichiPathVariablesApplication] INFO  o.e.m.c.i.embedder.EclipseLogger - Using 'UTF-8' encoding to copy filtered properties files.
2022-03-12 14:12:01,935 [Worker-45: Launching Daikichi_Path_Variables - DaikichiPathVariablesApplication] INFO  o.e.m.c.i.embedder.EclipseLogger - Copying 1 resource
2022-03-12 14:12:01,945 [Worker-45: Launching Daikichi_Path_Variables - DaikichiPathVariablesApplication] INFO  o.e.m.c.i.embedder.EclipseLogger - Copying 0 resource
2022-03-12 14:12:01,946 [Worker-45: Launching Daikichi_Path_Variables - DaikichiPathVariablesApplication] INFO  o.e.m.c.i.embedder.EclipseLogger - Using 'UTF-8' encoding to copy filtered resources.
2022-03-12 14:12:01,946 [Worker-45: Launching Daikichi_Path_Variables - DaikichiPathVariablesApplication] INFO  o.e.m.c.i.embedder.EclipseLogger - Using 'UTF-8' encoding to copy filtered properties files.
2022-03-12 14:12:01,947 [Worker-45: Launching Daikichi_Path_Variables - DaikichiPathVariablesApplication] INFO  o.e.m.c.i.embedder.EclipseLogger - skip non existing resourceDirectory D:\AXSOS-Academy\004 Java\04 SpringBoot\Daikichi_Path_Variables\src\test\resources
2022-03-12 14:13:04,203 [Worker-45: Launching Daikichi_Path_Variables - DaikichiPathVariablesApplication] INFO  o.e.m.c.i.embedder.EclipseLogger - Using 'UTF-8' encoding to copy filtered resources.
2022-03-12 14:13:04,204 [Worker-45: Launching Daikichi_Path_Variables - DaikichiPathVariablesApplication] INFO  o.e.m.c.i.embedder.EclipseLogger - Using 'UTF-8' encoding to copy filtered properties files.
2022-03-12 14:13:04,204 [Worker-45: Launching Daikichi_Path_Variables - DaikichiPathVariablesApplication] INFO  o.e.m.c.i.embedder.EclipseLogger - Copying 1 resource
2022-03-12 14:13:04,210 [Worker-45: Launching Daikichi_Path_Variables - DaikichiPathVariablesApplication] INFO  o.e.m.c.i.embedder.EclipseLogger - Copying 0 resource
2022-03-12 14:13:04,211 [Worker-45: Launching Daikichi_Path_Variables - DaikichiPathVariablesApplication] INFO  o.e.m.c.i.embedder.EclipseLogger - Using 'UTF-8' encoding to copy filtered resources.
2022-03-12 14:13:04,211 [Worker-45: Launching Daikichi_Path_Variables - DaikichiPathVariablesApplication] INFO  o.e.m.c.i.embedder.EclipseLogger - Using 'UTF-8' encoding to copy filtered properties files.
2022-03-12 14:13:04,211 [Worker-45: Launching Daikichi_Path_Variables - DaikichiPathVariablesApplication] INFO  o.e.m.c.i.embedder.EclipseLogger - skip non existing resourceDirectory D:\AXSOS-Academy\004 Java\04 SpringBoot\Daikichi_Path_Variables\src\test\resources
2022-03-12 15:19:26,788 [Worker-49: Import Getting Started Content] INFO  o.e.m.c.i.l.LifecycleMappingFactory - Using org.maven.ide.eclipse.wtp.WarLifecycleMapping lifecycle mapping for MavenProject: com.hopper:Hopper_Receipt:0.0.1-SNAPSHOT @ D:\AXSOS-Academy\004 Java\04 SpringBoot\Hopper_Receipt\pom.xml.
2022-03-12 15:19:26,948 [Worker-49: Import Getting Started Content] INFO  o.e.m.j.i.AbstractJavaProjectConfigurator - Adding source folder /Hopper_Receipt/src/main/java
2022-03-12 15:19:26,948 [Worker-49: Import Getting Started Content] INFO  o.e.m.j.i.AbstractJavaProjectConfigurator - Adding resource folder /Hopper_Receipt/src/main/resources
2022-03-12 15:19:26,949 [Worker-49: Import Getting Started Content] INFO  o.e.m.j.i.AbstractJavaProjectConfigurator - Adding resource folder /Hopper_Receipt/src/main/resources
2022-03-12 15:19:26,951 [Worker-49: Import Getting Started Content] INFO  o.e.m.j.i.AbstractJavaProjectConfigurator - Adding source folder /Hopper_Receipt/src/test/java
2022-03-12 15:19:27,259 [Worker-49: Import Getting Started Content] INFO  o.e.m.c.i.p.ProjectConfigurationManager - Imported and configured 1 project(s) in 0 sec
2022-03-12 15:19:27,260 [Worker-49: Import Getting Started Content] INFO  o.e.m.c.i.p.ProjectConfigurationManager - Update started
2022-03-12 15:19:27,457 [Worker-49: Import Getting Started Content] INFO  o.e.m.c.i.l.LifecycleMappingFactory - Using org.maven.ide.eclipse.wtp.WarLifecycleMapping lifecycle mapping for MavenProject: com.hopper:Hopper_Receipt:0.0.1-SNAPSHOT @ D:\AXSOS-Academy\004 Java\04 SpringBoot\Hopper_Receipt\pom.xml.
2022-03-12 15:19:27,628 [Worker-49: Import Getting Started Content] INFO  o.e.m.j.i.AbstractJavaProjectConfigurator - Adding source folder /Hopper_Receipt/src/main/java
2022-03-12 15:19:27,628 [Worker-49: Import Getting Started Content] INFO  o.e.m.j.i.AbstractJavaProjectConfigurator - Adding resource folder /Hopper_Receipt/src/main/resources
2022-03-12 15:19:27,628 [Worker-49: Import Getting Started Content] INFO  o.e.m.j.i.AbstractJavaProjectConfigurator - Adding resource folder /Hopper_Receipt/src/main/resources
2022-03-12 15:19:27,628 [Worker-49: Import Getting Started Content] INFO  o.e.m.j.i.AbstractJavaProjectConfigurator - Adding source folder /Hopper_Receipt/src/test/java
2022-03-12 15:19:27,793 [Worker-49: Import Getting Started Content] INFO  o.e.m.w.i.f.ResourceFilteringBuildParticipant - Cleaning filtered folder for Hopper_Receipt
2022-03-12 15:19:27,794 [Worker-49: Import Getting Started Content] INFO  o.e.m.c.i.p.ProjectConfigurationManager - Update completed: 0 sec
2022-03-12 15:19:28,129 [Worker-49: Building] INFO  o.e.m.c.i.embedder.EclipseLogger - Using 'UTF-8' encoding to copy filtered resources.
2022-03-12 15:19:28,129 [Worker-49: Building] INFO  o.e.m.c.i.embedder.EclipseLogger - Using 'UTF-8' encoding to copy filtered properties files.
2022-03-12 15:19:28,129 [Worker-49: Building] INFO  o.e.m.c.i.embedder.EclipseLogger - Copying 1 resource
2022-03-12 15:19:28,131 [Worker-49: Building] INFO  o.e.m.c.i.embedder.EclipseLogger - Copying 0 resource
2022-03-12 15:19:28,132 [Worker-49: Building] INFO  o.e.m.c.i.embedder.EclipseLogger - Using 'UTF-8' encoding to copy filtered resources.
2022-03-12 15:19:28,132 [Worker-49: Building] INFO  o.e.m.c.i.embedder.EclipseLogger - Using 'UTF-8' encoding to copy filtered properties files.
2022-03-12 15:19:28,132 [Worker-49: Building] INFO  o.e.m.c.i.embedder.EclipseLogger - skip non existing resourceDirectory D:\AXSOS-Academy\004 Java\04 SpringBoot\Hopper_Receipt\src\test\resources
2022-03-12 15:19:28,132 [Worker-49: Building] INFO  o.e.m.w.i.f.ResourceFilteringBuildParticipant - Changed resources require a complete clean of filtered resources of Hopper_Receipt
2022-03-12 15:19:28,132 [Worker-49: Building] INFO  o.e.m.w.i.f.ResourceFilteringBuildParticipant - Executing resource filtering for Hopper_Receipt
2022-03-12 15:19:28,134 [Worker-49: Building] INFO  o.e.m.c.i.embedder.EclipseLogger - Using 'UTF-8' encoding to copy filtered resources.
2022-03-12 15:19:28,134 [Worker-49: Building] INFO  o.e.m.c.i.embedder.EclipseLogger - Using 'UTF-8' encoding to copy filtered properties files.
2022-03-12 15:22:02,314 [main] INFO  o.e.m.c.i.l.LifecycleMappingFactory - Using org.maven.ide.eclipse.wtp.WarLifecycleMapping lifecycle mapping for MavenProject: com.hopper:Hopper_Receipt:0.0.1-SNAPSHOT @ D:\AXSOS-Academy\004 Java\04 SpringBoot\Hopper_Receipt\pom.xml.
2022-03-12 15:28:11,607 [Worker-0: Loading available Gradle versions] INFO  o.e.b.c.i.u.g.PublishedGradleVersions - Gradle version information cache is up-to-date. Trying to read.
2022-03-12 15:28:13,887 [Worker-5: Building] INFO  o.e.m.c.i.embedder.EclipseLogger - Using 'UTF-8' encoding to copy filtered resources.
2022-03-12 15:28:13,887 [Worker-5: Building] INFO  o.e.m.c.i.embedder.EclipseLogger - Using 'UTF-8' encoding to copy filtered properties files.
2022-03-12 15:28:13,891 [Worker-5: Building] INFO  o.e.m.c.i.embedder.EclipseLogger - Copying 1 resource
2022-03-12 15:28:13,924 [Worker-5: Building] INFO  o.e.m.c.i.embedder.EclipseLogger - Copying 0 resource
2022-03-12 15:28:13,928 [Worker-5: Building] INFO  o.e.m.c.i.embedder.EclipseLogger - Using 'UTF-8' encoding to copy filtered resources.
2022-03-12 15:28:13,928 [Worker-5: Building] INFO  o.e.m.c.i.embedder.EclipseLogger - Using 'UTF-8' encoding to copy filtered properties files.
2022-03-12 15:28:13,928 [Worker-5: Building] INFO  o.e.m.c.i.embedder.EclipseLogger - skip non existing resourceDirectory D:\AXSOS-Academy\004 Java\04 SpringBoot\Hopper_Receipt\src\test\resources
2022-03-12 15:28:14,843 [Worker-8: Updating indexes] INFO  o.e.m.c.i.i.nexus.NexusIndexManager - Updating index for repository: central|https://repo.maven.apache.org/maven2
2022-03-12 15:29:12,189 [Worker-4: Building] INFO  o.e.m.c.i.embedder.EclipseLogger - Using 'UTF-8' encoding to copy filtered resources.
2022-03-12 15:29:12,190 [Worker-4: Building] INFO  o.e.m.c.i.embedder.EclipseLogger - Using 'UTF-8' encoding to copy filtered properties files.
2022-03-12 15:29:12,190 [Worker-4: Building] INFO  o.e.m.c.i.embedder.EclipseLogger - Copying 1 resource
2022-03-12 15:29:12,195 [Worker-4: Building] INFO  o.e.m.c.i.embedder.EclipseLogger - Copying 0 resource
2022-03-12 15:29:12,196 [Worker-4: Building] INFO  o.e.m.c.i.embedder.EclipseLogger - Using 'UTF-8' encoding to copy filtered resources.
2022-03-12 15:29:12,196 [Worker-4: Building] INFO  o.e.m.c.i.embedder.EclipseLogger - Using 'UTF-8' encoding to copy filtered properties files.
2022-03-12 15:29:12,197 [Worker-4: Building] INFO  o.e.m.c.i.embedder.EclipseLogger - skip non existing resourceDirectory D:\AXSOS-Academy\004 Java\04 SpringBoot\Daikichi_Path_Variables\src\test\resources
2022-03-12 15:29:12,306 [Worker-4: Building] INFO  o.e.m.c.i.embedder.EclipseLogger - Using 'UTF-8' encoding to copy filtered resources.
2022-03-12 15:29:12,307 [Worker-4: Building] INFO  o.e.m.c.i.embedder.EclipseLogger - Using 'UTF-8' encoding to copy filtered properties files.
2022-03-12 15:29:12,307 [Worker-4: Building] INFO  o.e.m.c.i.embedder.EclipseLogger - Copying 0 resource
2022-03-12 15:29:12,307 [Worker-4: Building] INFO  o.e.m.c.i.embedder.EclipseLogger - Copying 0 resource
2022-03-12 15:29:12,309 [Worker-4: Building] INFO  o.e.m.c.i.embedder.EclipseLogger - Using 'UTF-8' encoding to copy filtered resources.
2022-03-12 15:29:12,309 [Worker-4: Building] INFO  o.e.m.c.i.embedder.EclipseLogger - Using 'UTF-8' encoding to copy filtered properties files.
2022-03-12 15:29:12,309 [Worker-4: Building] INFO  o.e.m.c.i.embedder.EclipseLogger - skip non existing resourceDirectory D:\AXSOS-Academy\004 Java\04 SpringBoot\Hopper_Receipt\src\test\resources
2022-03-12 15:43:07,640 [Worker-2: Loading available Gradle versions] INFO  o.e.b.c.i.u.g.PublishedGradleVersions - Gradle version information cache is up-to-date. Trying to read.
2022-03-12 15:43:10,620 [Worker-8: Updating indexes] INFO  o.e.m.c.i.i.nexus.NexusIndexManager - Updating index for repository: central|https://repo.maven.apache.org/maven2
2022-03-12 15:48:38,214 [Worker-3: Loading available Gradle versions] INFO  o.e.b.c.i.u.g.PublishedGradleVersions - Gradle version information cache is up-to-date. Trying to read.
2022-03-12 15:48:40,248 [Worker-2: Updating indexes] INFO  o.e.m.c.i.i.nexus.NexusIndexManager - Updating index for repository: central|https://repo.maven.apache.org/maven2
2022-03-12 15:48:40,945 [Worker-7: Building] INFO  o.e.m.c.i.embedder.EclipseLogger - Using 'UTF-8' encoding to copy filtered resources.
2022-03-12 15:48:40,945 [Worker-7: Building] INFO  o.e.m.c.i.embedder.EclipseLogger - Using 'UTF-8' encoding to copy filtered properties files.
2022-03-12 15:48:40,968 [Worker-7: Building] INFO  o.e.m.c.i.embedder.EclipseLogger - Copying 1 resource
2022-03-12 15:48:40,987 [Worker-7: Building] INFO  o.e.m.c.i.embedder.EclipseLogger - Copying 0 resource
2022-03-12 15:48:40,992 [Worker-7: Building] INFO  o.e.m.c.i.embedder.EclipseLogger - Using 'UTF-8' encoding to copy filtered resources.
2022-03-12 15:48:40,992 [Worker-7: Building] INFO  o.e.m.c.i.embedder.EclipseLogger - Using 'UTF-8' encoding to copy filtered properties files.
2022-03-12 15:48:40,992 [Worker-7: Building] INFO  o.e.m.c.i.embedder.EclipseLogger - skip non existing resourceDirectory D:\AXSOS-Academy\004 Java\04 SpringBoot\Daikichi_Path_Variables\src\test\resources
2022-03-12 15:48:42,198 [Worker-7: Building] INFO  o.e.m.c.i.embedder.EclipseLogger - Using 'UTF-8' encoding to copy filtered resources.
2022-03-12 15:48:42,198 [Worker-7: Building] INFO  o.e.m.c.i.embedder.EclipseLogger - Using 'UTF-8' encoding to copy filtered properties files.
2022-03-12 15:48:42,198 [Worker-7: Building] INFO  o.e.m.c.i.embedder.EclipseLogger - Copying 1 resource
2022-03-12 15:48:42,200 [Worker-7: Building] INFO  o.e.m.c.i.embedder.EclipseLogger - Copying 0 resource
2022-03-12 15:48:42,201 [Worker-7: Building] INFO  o.e.m.c.i.embedder.EclipseLogger - Using 'UTF-8' encoding to copy filtered resources.
2022-03-12 15:48:42,202 [Worker-7: Building] INFO  o.e.m.c.i.embedder.EclipseLogger - Using 'UTF-8' encoding to copy filtered properties files.
2022-03-12 15:48:42,202 [Worker-7: Building] INFO  o.e.m.c.i.embedder.EclipseLogger - skip non existing resourceDirectory D:\AXSOS-Academy\004 Java\04 SpringBoot\Hello\src\test\resources
2022-03-12 15:48:42,357 [Worker-7: Building] INFO  o.e.m.c.i.embedder.EclipseLogger - Using 'UTF-8' encoding to copy filtered resources.
2022-03-12 15:48:42,357 [Worker-7: Building] INFO  o.e.m.c.i.embedder.EclipseLogger - Using 'UTF-8' encoding to copy filtered properties files.
2022-03-12 15:48:42,358 [Worker-7: Building] INFO  o.e.m.c.i.embedder.EclipseLogger - Copying 1 resource
2022-03-12 15:48:42,360 [Worker-7: Building] INFO  o.e.m.c.i.embedder.EclipseLogger - Copying 0 resource
2022-03-12 15:48:42,362 [Worker-7: Building] INFO  o.e.m.c.i.embedder.EclipseLogger - Using 'UTF-8' encoding to copy filtered resources.
2022-03-12 15:48:42,362 [Worker-7: Building] INFO  o.e.m.c.i.embedder.EclipseLogger - Using 'UTF-8' encoding to copy filtered properties files.
2022-03-12 15:48:42,362 [Worker-7: Building] INFO  o.e.m.c.i.embedder.EclipseLogger - skip non existing resourceDirectory D:\AXSOS-Academy\004 Java\04 SpringBoot\Hopper_Receipt\src\test\resources
2022-03-12 15:58:35,797 [Worker-2: Updating indexes] INFO  o.e.m.c.i.i.nexus.NexusIndexManager - Updated index for repository: central|https://repo.maven.apache.org/maven2 in 595549 ms
2022-03-12 16:10:28,081 [Worker-16: Building] INFO  o.e.m.c.i.l.LifecycleMappingFactory - Using org.maven.ide.eclipse.wtp.WarLifecycleMapping lifecycle mapping for MavenProject: com.hopper:Hopper_Receipt:0.0.1-SNAPSHOT @ D:\AXSOS-Academy\004 Java\04 SpringBoot\Hopper_Receipt\pom.xml.
2022-03-12 16:10:28,553 [Worker-16: Building] INFO  o.e.m.c.i.embedder.EclipseLogger - Using 'UTF-8' encoding to copy filtered resources.
2022-03-12 16:10:28,553 [Worker-16: Building] INFO  o.e.m.c.i.embedder.EclipseLogger - Using 'UTF-8' encoding to copy filtered properties files.
2022-03-12 16:10:28,553 [Worker-16: Building] INFO  o.e.m.c.i.embedder.EclipseLogger - Copying 0 resource
2022-03-12 16:10:28,554 [Worker-16: Building] INFO  o.e.m.c.i.embedder.EclipseLogger - Copying 0 resource
2022-03-12 16:10:28,555 [Worker-16: Building] INFO  o.e.m.c.i.embedder.EclipseLogger - Using 'UTF-8' encoding to copy filtered resources.
2022-03-12 16:10:28,555 [Worker-16: Building] INFO  o.e.m.c.i.embedder.EclipseLogger - Using 'UTF-8' encoding to copy filtered properties files.
2022-03-12 16:10:28,555 [Worker-16: Building] INFO  o.e.m.c.i.embedder.EclipseLogger - skip non existing resourceDirectory D:\AXSOS-Academy\004 Java\04 SpringBoot\Hopper_Receipt\src\test\resources
2022-03-12 16:10:28,556 [Worker-16: Building] INFO  o.e.m.w.i.f.ResourceFilteringBuildParticipant - Changed resources require a complete clean of filtered resources of Hopper_Receipt
2022-03-12 16:10:28,557 [Worker-16: Building] INFO  o.e.m.w.i.f.ResourceFilteringBuildParticipant - Executing resource filtering for Hopper_Receipt
2022-03-12 16:10:28,559 [Worker-16: Building] INFO  o.e.m.c.i.embedder.EclipseLogger - Using 'UTF-8' encoding to copy filtered resources.
2022-03-12 16:10:28,559 [Worker-16: Building] INFO  o.e.m.c.i.embedder.EclipseLogger - Using 'UTF-8' encoding to copy filtered properties files.
2022-03-12 16:10:29,701 [Worker-17: Building] INFO  o.e.m.c.i.embedder.EclipseLogger - Using 'UTF-8' encoding to copy filtered resources.
2022-03-12 16:10:29,701 [Worker-17: Building] INFO  o.e.m.c.i.embedder.EclipseLogger - Using 'UTF-8' encoding to copy filtered properties files.
2022-03-12 16:10:29,701 [Worker-17: Building] INFO  o.e.m.c.i.embedder.EclipseLogger - Copying 1 resource
2022-03-12 16:10:29,703 [Worker-17: Building] INFO  o.e.m.c.i.embedder.EclipseLogger - Copying 0 resource
2022-03-12 16:10:29,704 [Worker-17: Building] INFO  o.e.m.c.i.embedder.EclipseLogger - Using 'UTF-8' encoding to copy filtered resources.
2022-03-12 16:10:29,704 [Worker-17: Building] INFO  o.e.m.c.i.embedder.EclipseLogger - Using 'UTF-8' encoding to copy filtered properties files.
2022-03-12 16:10:29,704 [Worker-17: Building] INFO  o.e.m.c.i.embedder.EclipseLogger - skip non existing resourceDirectory D:\AXSOS-Academy\004 Java\04 SpringBoot\Hopper_Receipt\src\test\resources
2022-03-12 16:10:29,982 [Worker-4: Download sources and javadoc] INFO  o.e.m.c.i.e.AbstractTransferListenerAdapter - Downloading https://repo.maven.apache.org/maven2/org/apache/tomcat/embed/tomcat-embed-jasper/9.0.58/tomcat-embed-jasper-9.0.58-sources.jar
2022-03-12 16:10:30,410 [Worker-4: Download sources and javadoc] INFO  o.e.m.c.i.e.AbstractTransferListenerAdapter - Downloaded https://repo.maven.apache.org/maven2/org/apache/tomcat/embed/tomcat-embed-jasper/9.0.58/tomcat-embed-jasper-9.0.58-sources.jar
2022-03-12 16:10:30,514 [Worker-4: Download sources and javadoc] INFO  o.e.m.j.internal.DownloadSourcesJob - Downloaded sources for org.apache.tomcat.embed:tomcat-embed-jasper:9.0.58
2022-03-12 16:10:30,780 [Worker-4: Download sources and javadoc] INFO  o.e.m.c.i.e.AbstractTransferListenerAdapter - Downloading https://repo.maven.apache.org/maven2/org/eclipse/jdt/ecj/3.18.0/ecj-3.18.0-sources.jar
2022-03-12 16:10:31,711 [Worker-4: Download sources and javadoc] INFO  o.e.m.c.i.e.AbstractTransferListenerAdapter - Downloaded https://repo.maven.apache.org/maven2/org/eclipse/jdt/ecj/3.18.0/ecj-3.18.0-sources.jar
2022-03-12 16:10:31,772 [Worker-4: Download sources and javadoc] INFO  o.e.m.j.internal.DownloadSourcesJob - Downloaded sources for org.eclipse.jdt:ecj:3.18.0
2022-03-12 16:10:32,017 [Worker-4: Download sources and javadoc] INFO  o.e.m.c.i.e.AbstractTransferListenerAdapter - Downloading https://repo.maven.apache.org/maven2/javax/servlet/jstl/1.2/jstl-1.2-sources.jar
2022-03-12 16:10:32,371 [Worker-4: Download sources and javadoc] INFO  o.e.m.c.i.e.AbstractTransferListenerAdapter - Downloaded https://repo.maven.apache.org/maven2/javax/servlet/jstl/1.2/jstl-1.2-sources.jar
2022-03-12 16:10:32,490 [Worker-4: Download sources and javadoc] INFO  o.e.m.j.internal.DownloadSourcesJob - Downloaded sources for javax.servlet:jstl:1.2
2022-03-12 16:10:32,685 [Worker-16: Building] INFO  o.e.m.c.i.embedder.EclipseLogger - Using 'UTF-8' encoding to copy filtered resources.
2022-03-12 16:10:32,685 [Worker-16: Building] INFO  o.e.m.c.i.embedder.EclipseLogger - Using 'UTF-8' encoding to copy filtered properties files.
2022-03-12 16:10:32,685 [Worker-16: Building] INFO  o.e.m.c.i.embedder.EclipseLogger - Copying 0 resource
2022-03-12 16:10:32,686 [Worker-16: Building] INFO  o.e.m.c.i.embedder.EclipseLogger - Copying 0 resource
2022-03-12 16:10:32,686 [Worker-16: Building] INFO  o.e.m.c.i.embedder.EclipseLogger - Using 'UTF-8' encoding to copy filtered resources.
2022-03-12 16:10:32,687 [Worker-16: Building] INFO  o.e.m.c.i.embedder.EclipseLogger - Using 'UTF-8' encoding to copy filtered properties files.
2022-03-12 16:10:32,687 [Worker-16: Building] INFO  o.e.m.c.i.embedder.EclipseLogger - skip non existing resourceDirectory D:\AXSOS-Academy\004 Java\04 SpringBoot\Hopper_Receipt\src\test\resources
2022-03-12 16:12:53,559 [Worker-16: Building] INFO  o.e.m.c.i.embedder.EclipseLogger - Using 'UTF-8' encoding to copy filtered resources.
2022-03-12 16:12:53,559 [Worker-16: Building] INFO  o.e.m.c.i.embedder.EclipseLogger - Using 'UTF-8' encoding to copy filtered properties files.
2022-03-12 16:12:53,560 [Worker-16: Building] INFO  o.e.m.c.i.embedder.EclipseLogger - Copying 1 resource
2022-03-12 16:12:53,578 [Worker-16: Building] INFO  o.e.m.c.i.embedder.EclipseLogger - Copying 0 resource
2022-03-12 16:12:53,579 [Worker-16: Building] INFO  o.e.m.c.i.embedder.EclipseLogger - Using 'UTF-8' encoding to copy filtered resources.
2022-03-12 16:12:53,580 [Worker-16: Building] INFO  o.e.m.c.i.embedder.EclipseLogger - Using 'UTF-8' encoding to copy filtered properties files.
2022-03-12 16:12:53,580 [Worker-16: Building] INFO  o.e.m.c.i.embedder.EclipseLogger - skip non existing resourceDirectory D:\AXSOS-Academy\004 Java\04 SpringBoot\Hopper_Receipt\src\test\resources
2022-03-12 16:13:48,497 [Worker-19: Building] INFO  o.e.m.c.i.embedder.EclipseLogger - Using 'UTF-8' encoding to copy filtered resources.
2022-03-12 16:13:48,497 [Worker-19: Building] INFO  o.e.m.c.i.embedder.EclipseLogger - Using 'UTF-8' encoding to copy filtered properties files.
2022-03-12 16:13:48,497 [Worker-19: Building] INFO  o.e.m.c.i.embedder.EclipseLogger - Copying 0 resource
2022-03-12 16:13:48,497 [Worker-19: Building] INFO  o.e.m.c.i.embedder.EclipseLogger - Copying 0 resource
2022-03-12 16:13:48,498 [Worker-19: Building] INFO  o.e.m.c.i.embedder.EclipseLogger - Using 'UTF-8' encoding to copy filtered resources.
2022-03-12 16:13:48,498 [Worker-19: Building] INFO  o.e.m.c.i.embedder.EclipseLogger - Using 'UTF-8' encoding to copy filtered properties files.
2022-03-12 16:13:48,498 [Worker-19: Building] INFO  o.e.m.c.i.embedder.EclipseLogger - skip non existing resourceDirectory D:\AXSOS-Academy\004 Java\04 SpringBoot\Hopper_Receipt\src\test\resources
2022-03-12 16:28:49,353 [Worker-0: Loading available Gradle versions] INFO  o.e.b.c.i.u.g.PublishedGradleVersions - Gradle version information cache is up-to-date. Trying to read.
2022-03-12 16:28:54,308 [Worker-2: Updating indexes] INFO  o.e.m.c.i.i.nexus.NexusIndexManager - Updating index for repository: central|https://repo.maven.apache.org/maven2
2022-03-12 16:29:48,150 [Worker-2: Updating indexes] INFO  o.e.m.c.i.i.nexus.NexusIndexManager - Updated index for repository: central|https://repo.maven.apache.org/maven2 in 53842 ms
2022-03-12 16:33:15,386 [Worker-4: Loading available Gradle versions] INFO  o.e.b.c.i.u.g.PublishedGradleVersions - Gradle version information cache is up-to-date. Trying to read.
2022-03-12 16:33:18,473 [Worker-4: Updating indexes] INFO  o.e.m.c.i.i.nexus.NexusIndexManager - Updating index for repository: central|https://repo.maven.apache.org/maven2
2022-03-12 16:34:05,745 [Worker-4: Updating indexes] INFO  o.e.m.c.i.i.nexus.NexusIndexManager - Updated index for repository: central|https://repo.maven.apache.org/maven2 in 47272 ms
2022-03-12 16:34:40,817 [Worker-6: Loading available Gradle versions] INFO  o.e.b.c.i.u.g.PublishedGradleVersions - Gradle version information cache is up-to-date. Trying to read.
2022-03-12 16:34:43,600 [Worker-3: Updating indexes] INFO  o.e.m.c.i.i.nexus.NexusIndexManager - Updating index for repository: central|https://repo.maven.apache.org/maven2
2022-03-12 16:34:44,877 [Worker-6: Building] INFO  o.e.m.c.i.embedder.EclipseLogger - Using 'UTF-8' encoding to copy filtered resources.
2022-03-12 16:34:44,877 [Worker-6: Building] INFO  o.e.m.c.i.embedder.EclipseLogger - Using 'UTF-8' encoding to copy filtered properties files.
2022-03-12 16:34:44,879 [Worker-6: Building] INFO  o.e.m.c.i.embedder.EclipseLogger - Copying 1 resource
2022-03-12 16:34:44,895 [Worker-6: Building] INFO  o.e.m.c.i.embedder.EclipseLogger - Copying 0 resource
2022-03-12 16:34:44,897 [Worker-6: Building] INFO  o.e.m.c.i.embedder.EclipseLogger - Using 'UTF-8' encoding to copy filtered resources.
2022-03-12 16:34:44,897 [Worker-6: Building] INFO  o.e.m.c.i.embedder.EclipseLogger - Using 'UTF-8' encoding to copy filtered properties files.
2022-03-12 16:34:44,898 [Worker-6: Building] INFO  o.e.m.c.i.embedder.EclipseLogger - skip non existing resourceDirectory D:\AXSOS-Academy\004 Java\04 SpringBoot\Daikichi_Path_Variables\src\test\resources
2022-03-12 16:34:45,675 [Worker-6: Building] INFO  o.e.m.c.i.embedder.EclipseLogger - Using 'UTF-8' encoding to copy filtered resources.
2022-03-12 16:34:45,675 [Worker-6: Building] INFO  o.e.m.c.i.embedder.EclipseLogger - Using 'UTF-8' encoding to copy filtered properties files.
2022-03-12 16:34:45,675 [Worker-6: Building] INFO  o.e.m.c.i.embedder.EclipseLogger - Copying 1 resource
2022-03-12 16:34:45,677 [Worker-6: Building] INFO  o.e.m.c.i.embedder.EclipseLogger - Copying 0 resource
2022-03-12 16:34:45,679 [Worker-6: Building] INFO  o.e.m.c.i.embedder.EclipseLogger - Using 'UTF-8' encoding to copy filtered resources.
2022-03-12 16:34:45,680 [Worker-6: Building] INFO  o.e.m.c.i.embedder.EclipseLogger - Using 'UTF-8' encoding to copy filtered properties files.
2022-03-12 16:34:45,680 [Worker-6: Building] INFO  o.e.m.c.i.embedder.EclipseLogger - skip non existing resourceDirectory D:\AXSOS-Academy\004 Java\04 SpringBoot\Hello\src\test\resources
2022-03-12 16:34:46,189 [Worker-0: Building] INFO  o.e.m.c.i.embedder.EclipseLogger - Using 'UTF-8' encoding to copy filtered resources.
2022-03-12 16:34:46,190 [Worker-0: Building] INFO  o.e.m.c.i.embedder.EclipseLogger - Using 'UTF-8' encoding to copy filtered properties files.
2022-03-12 16:34:46,190 [Worker-0: Building] INFO  o.e.m.c.i.embedder.EclipseLogger - Copying 1 resource
2022-03-12 16:34:46,191 [Worker-0: Building] INFO  o.e.m.c.i.embedder.EclipseLogger - Copying 0 resource
2022-03-12 16:34:46,194 [Worker-0: Building] INFO  o.e.m.c.i.embedder.EclipseLogger - Using 'UTF-8' encoding to copy filtered resources.
2022-03-12 16:34:46,194 [Worker-0: Building] INFO  o.e.m.c.i.embedder.EclipseLogger - Using 'UTF-8' encoding to copy filtered properties files.
2022-03-12 16:34:46,194 [Worker-0: Building] INFO  o.e.m.c.i.embedder.EclipseLogger - skip non existing resourceDirectory D:\AXSOS-Academy\004 Java\04 SpringBoot\Hopper_Receipt\src\test\resources
2022-03-12 16:35:31,456 [Worker-3: Updating indexes] INFO  o.e.m.c.i.i.nexus.NexusIndexManager - Updated index for repository: central|https://repo.maven.apache.org/maven2 in 47856 ms
2022-03-12 16:36:43,633 [Worker-3: Building] INFO  o.e.m.c.i.embedder.EclipseLogger - Using 'UTF-8' encoding to copy filtered resources.
2022-03-12 16:36:43,634 [Worker-3: Building] INFO  o.e.m.c.i.embedder.EclipseLogger - Using 'UTF-8' encoding to copy filtered properties files.
2022-03-12 16:36:43,634 [Worker-3: Building] INFO  o.e.m.c.i.embedder.EclipseLogger - Copying 0 resource
2022-03-12 16:36:43,634 [Worker-3: Building] INFO  o.e.m.c.i.embedder.EclipseLogger - Copying 0 resource
2022-03-12 16:36:43,635 [Worker-3: Building] INFO  o.e.m.c.i.embedder.EclipseLogger - Using 'UTF-8' encoding to copy filtered resources.
2022-03-12 16:36:43,635 [Worker-3: Building] INFO  o.e.m.c.i.embedder.EclipseLogger - Using 'UTF-8' encoding to copy filtered properties files.
2022-03-12 16:36:43,636 [Worker-3: Building] INFO  o.e.m.c.i.embedder.EclipseLogger - skip non existing resourceDirectory D:\AXSOS-Academy\004 Java\04 SpringBoot\Hopper_Receipt\src\test\resources
2022-03-12 17:30:38,072 [Worker-17: Building] INFO  o.e.m.c.i.embedder.EclipseLogger - Using 'UTF-8' encoding to copy filtered resources.
2022-03-12 17:30:38,073 [Worker-17: Building] INFO  o.e.m.c.i.embedder.EclipseLogger - Using 'UTF-8' encoding to copy filtered properties files.
2022-03-12 17:30:38,073 [Worker-17: Building] INFO  o.e.m.c.i.embedder.EclipseLogger - Copying 0 resource
2022-03-12 17:30:38,073 [Worker-17: Building] INFO  o.e.m.c.i.embedder.EclipseLogger - Copying 0 resource
2022-03-12 17:30:38,074 [Worker-17: Building] INFO  o.e.m.c.i.embedder.EclipseLogger - Using 'UTF-8' encoding to copy filtered resources.
2022-03-12 17:30:38,074 [Worker-17: Building] INFO  o.e.m.c.i.embedder.EclipseLogger - Using 'UTF-8' encoding to copy filtered properties files.
2022-03-12 17:30:38,074 [Worker-17: Building] INFO  o.e.m.c.i.embedder.EclipseLogger - skip non existing resourceDirectory D:\AXSOS-Academy\004 Java\04 SpringBoot\Hopper_Receipt\src\test\resources
2022-03-12 17:30:44,368 [Worker-18: Launching Hopper_Receipt - HopperReceiptApplication] INFO  o.e.m.c.i.embedder.EclipseLogger - Using 'UTF-8' encoding to copy filtered resources.
2022-03-12 17:30:44,368 [Worker-18: Launching Hopper_Receipt - HopperReceiptApplication] INFO  o.e.m.c.i.embedder.EclipseLogger - Using 'UTF-8' encoding to copy filtered properties files.
2022-03-12 17:30:44,368 [Worker-18: Launching Hopper_Receipt - HopperReceiptApplication] INFO  o.e.m.c.i.embedder.EclipseLogger - Copying 1 resource
2022-03-12 17:30:44,408 [Worker-18: Launching Hopper_Receipt - HopperReceiptApplication] INFO  o.e.m.c.i.embedder.EclipseLogger - Copying 0 resource
2022-03-12 17:30:44,410 [Worker-18: Launching Hopper_Receipt - HopperReceiptApplication] INFO  o.e.m.c.i.embedder.EclipseLogger - Using 'UTF-8' encoding to copy filtered resources.
2022-03-12 17:30:44,410 [Worker-18: Launching Hopper_Receipt - HopperReceiptApplication] INFO  o.e.m.c.i.embedder.EclipseLogger - Using 'UTF-8' encoding to copy filtered properties files.
2022-03-12 17:30:44,410 [Worker-18: Launching Hopper_Receipt - HopperReceiptApplication] INFO  o.e.m.c.i.embedder.EclipseLogger - skip non existing resourceDirectory D:\AXSOS-Academy\004 Java\04 SpringBoot\Hopper_Receipt\src\test\resources
2022-03-12 17:31:03,875 [Worker-20: Building] INFO  o.e.m.c.i.embedder.EclipseLogger - Using 'UTF-8' encoding to copy filtered resources.
2022-03-12 17:31:03,875 [Worker-20: Building] INFO  o.e.m.c.i.embedder.EclipseLogger - Using 'UTF-8' encoding to copy filtered properties files.
2022-03-12 17:31:03,875 [Worker-20: Building] INFO  o.e.m.c.i.embedder.EclipseLogger - Copying 1 resource
2022-03-12 17:31:03,884 [Worker-20: Building] INFO  o.e.m.c.i.embedder.EclipseLogger - Copying 0 resource
2022-03-12 17:31:03,885 [Worker-20: Building] INFO  o.e.m.c.i.embedder.EclipseLogger - Using 'UTF-8' encoding to copy filtered resources.
2022-03-12 17:31:03,885 [Worker-20: Building] INFO  o.e.m.c.i.embedder.EclipseLogger - Using 'UTF-8' encoding to copy filtered properties files.
2022-03-12 17:31:03,885 [Worker-20: Building] INFO  o.e.m.c.i.embedder.EclipseLogger - skip non existing resourceDirectory D:\AXSOS-Academy\004 Java\04 SpringBoot\Hopper_Receipt\src\test\resources
2022-03-12 17:33:36,245 [Worker-19: Launching Hopper_Receipt - HopperReceiptApplication] INFO  o.e.m.c.i.embedder.EclipseLogger - Using 'UTF-8' encoding to copy filtered resources.
2022-03-12 17:33:36,245 [Worker-19: Launching Hopper_Receipt - HopperReceiptApplication] INFO  o.e.m.c.i.embedder.EclipseLogger - Using 'UTF-8' encoding to copy filtered properties files.
2022-03-12 17:33:36,245 [Worker-19: Launching Hopper_Receipt - HopperReceiptApplication] INFO  o.e.m.c.i.embedder.EclipseLogger - Copying 0 resource
2022-03-12 17:33:36,245 [Worker-19: Launching Hopper_Receipt - HopperReceiptApplication] INFO  o.e.m.c.i.embedder.EclipseLogger - Copying 0 resource
2022-03-12 17:33:36,248 [Worker-19: Launching Hopper_Receipt - HopperReceiptApplication] INFO  o.e.m.c.i.embedder.EclipseLogger - Using 'UTF-8' encoding to copy filtered resources.
2022-03-12 17:33:36,248 [Worker-19: Launching Hopper_Receipt - HopperReceiptApplication] INFO  o.e.m.c.i.embedder.EclipseLogger - Using 'UTF-8' encoding to copy filtered properties files.
2022-03-12 17:33:36,248 [Worker-19: Launching Hopper_Receipt - HopperReceiptApplication] INFO  o.e.m.c.i.embedder.EclipseLogger - skip non existing resourceDirectory D:\AXSOS-Academy\004 Java\04 SpringBoot\Hopper_Receipt\src\test\resources
